android/app/build/intermediates/manifest_merge_blame_file/debug/manifest-merger-blame-debug-report.txt
1<?xml version="1.0" encoding="utf-8"?>
2<manifest xmlns:android="http://schemas.android.com/apk/res/android"
3    package="com.sawalicreation"
4    android:versionCode="1"
5    android:versionName="1.0" >
6
7    <uses-sdk
8        android:minSdkVersion="21"
9        android:targetSdkVersion="29" />
10
11    <uses-permission android:name="android.permission.SYSTEM_ALERT_WINDOW" />
11-->src\debug\AndroidManifest.xml:5:5-77
11-->src\debug\AndroidManifest.xml:5:22-75
12    <uses-permission android:name="android.permission.INTERNET" />
12-->src\main\AndroidManifest.xml:4:5-67
12-->src\main\AndroidManifest.xml:4:22-64
13    <uses-permission android:name="android.permission.WRITE_EXTERNAL_STORAGE" />
13-->src\main\AndroidManifest.xml:5:2-78
13-->src\main\AndroidManifest.xml:5:19-75
14    <uses-permission android:name="android.permission.ACCESS_WIFI_STATE" /> <!-- Required to access Google Play Licensing -->
14-->[com.facebook.flipper:flipper:0.75.1] AndroidManifest.xml:16:5-76
14-->[com.facebook.flipper:flipper:0.75.1] AndroidManifest.xml:16:22-73
15    <uses-permission android:name="com.android.vending.CHECK_LICENSE" />
15-->[:rn-fetch-blob] AndroidManifest.xml:12:5-73
15-->[:rn-fetch-blob] AndroidManifest.xml:12:22-70
16    <!--
17         Required to keep CPU alive while downloading files
18        (NOT to keep screen awake)
19    -->
20    <uses-permission android:name="android.permission.WAKE_LOCK" />
20-->[:rn-fetch-blob] AndroidManifest.xml:21:5-68
20-->[:rn-fetch-blob] AndroidManifest.xml:21:22-65
21    <!--
22         Required to poll the state of the network connection
23        and respond to changes
24    -->
25    <uses-permission android:name="android.permission.ACCESS_NETWORK_STATE" />
25-->[:rn-fetch-blob] AndroidManifest.xml:27:5-79
25-->[:rn-fetch-blob] AndroidManifest.xml:27:22-76
26
27    <application
27-->src\main\AndroidManifest.xml:7:5-25:19
28        android:name="com.sawalicreation.MainApplication"
28-->src\main\AndroidManifest.xml:8:7-38
29        android:allowBackup="false"
29-->src\main\AndroidManifest.xml:12:7-34
30        android:appComponentFactory="androidx.core.app.CoreComponentFactory"
30-->[androidx.core:core:1.1.0] AndroidManifest.xml:24:18-86
31        android:debuggable="true"
32        android:icon="@mipmap/ic_launcher"
32-->src\main\AndroidManifest.xml:10:7-41
33        android:label="@string/app_name"
33-->src\main\AndroidManifest.xml:9:7-39
34        android:roundIcon="@mipmap/ic_launcher_round"
34-->src\main\AndroidManifest.xml:11:7-52
35        android:theme="@style/AppTheme"
35-->src\main\AndroidManifest.xml:13:7-38
36        android:usesCleartextTraffic="true" >
36-->src\debug\AndroidManifest.xml:8:9-44
37        <activity android:name="com.facebook.react.devsupport.DevSettingsActivity" />
37-->src\debug\AndroidManifest.xml:11:9-86
37-->src\debug\AndroidManifest.xml:11:19-83
38        <activity
38-->src\main\AndroidManifest.xml:14:7-24:18
39            android:name="com.sawalicreation.MainActivity"
39-->src\main\AndroidManifest.xml:15:9-37
40            android:configChanges="keyboard|keyboardHidden|orientation|screenSize|uiMode"
40-->src\main\AndroidManifest.xml:17:9-86
41            android:label="@string/app_name"
41-->src\main\AndroidManifest.xml:16:9-41
42            android:launchMode="singleTask"
42-->src\main\AndroidManifest.xml:18:9-40
43            android:windowSoftInputMode="adjustResize" >
43-->src\main\AndroidManifest.xml:19:9-51
44            <intent-filter>
44-->src\main\AndroidManifest.xml:20:9-23:25
45                <action android:name="android.intent.action.MAIN" />
45-->src\main\AndroidManifest.xml:21:13-65
45-->src\main\AndroidManifest.xml:21:21-62
46
47                <category android:name="android.intent.category.LAUNCHER" />
47-->src\main\AndroidManifest.xml:22:13-73
47-->src\main\AndroidManifest.xml:22:23-70
48            </intent-filter>
49        </activity>
50
51        <provider
51-->[:rn-fetch-blob] AndroidManifest.xml:36:9-44:20
52            android:name="com.RNFetchBlob.Utils.FileProvider"
52-->[:rn-fetch-blob] AndroidManifest.xml:37:13-62
53            android:authorities="com.sawalicreation.provider"
53-->[:rn-fetch-blob] AndroidManifest.xml:38:13-60
54            android:exported="false"
54-->[:rn-fetch-blob] AndroidManifest.xml:39:13-37
55            android:grantUriPermissions="true" >
55-->[:rn-fetch-blob] AndroidManifest.xml:40:13-47
56            <meta-data
56-->[:rn-fetch-blob] AndroidManifest.xml:41:13-43:58
57                android:name="android.support.FILE_PROVIDER_PATHS"
57-->[:rn-fetch-blob] AndroidManifest.xml:42:17-67
58                android:resource="@xml/provider_paths" />
58-->[:rn-fetch-blob] AndroidManifest.xml:43:17-55
59        </provider>
60    </application>
61
62</manifest>